		Statistik dasar

Nama			: Uvuvwevwevwe Onyetenyevwe Ugwemubwem Osas
Karakter		: Lilo
Senjata			: Magic Wand
Koin			: 1525 g

		Statistik atribut

Life			: 1124
Power			: 288
Magic			: 217
Defense			: 177
Potion			: 179



================================================================		Riwayat Battle

Battle ID		: 1604064
Nama boss		: The Boss of Knight Tree
Hasil battle		: Gagal

		Hasil Detail Battle

Total life kamu		: 340
Total power kamu	: 105
Sisa life kamu		: -160
Total life boss		: 100
Total power boss	: 50
Sisa life boss		: 595

================================================================

		Riwayat Battle

Battle ID		: 1604065
Nama boss		: The Boss of Knight Tree
Hasil battle		: Berhasil

		Hasil Detail Battle

Total life kamu		: 340
Total power kamu	: 105
Sisa life kamu		: 290
Total life boss		: 100
Total power boss	: 50
Sisa life boss		: -5

================================================================

		Riwayat Battle

Battle ID		: 1604066
Nama boss		: The Boss of Knight Tree
Hasil battle		: Berhasil

		Hasil Detail Battle

Total life kamu		: 582
Total power kamu	: 177
Sisa life kamu		: 532
Total life boss		: 100
Total power boss	: 50
Sisa life boss		: -77

================================================================

		Riwayat Battle

Battle ID		: 1604067
Nama boss		: The Boss of Knight Tree
Hasil battle		: Berhasil

		Hasil Detail Battle

Total life kamu		: 824
Total power kamu	: 249
Sisa life kamu		: 774
Total life boss		: 100
Total power boss	: 50
Sisa life boss		: -149

================================================================

		Riwayat Battle

Battle ID		: 1604068
Nama boss		: The Boss of Knight Tree
Hasil battle		: Gagal

		Hasil Detail Battle

Total life kamu		: 1336
Total power kamu	: 411
Sisa life kamu		: 836
Total life boss		: 100
Total power boss	: 50
Sisa life boss		: 289

================================================================

		Riwayat Battle

Battle ID		: 1604069
Nama boss		: The Boss of Knight Tree
Hasil battle		: Berhasil

		Hasil Detail Battle

Total life kamu		: 1336
Total power kamu	: 411
Sisa life kamu		: 1286
Total life boss		: 100
Total power boss	: 50
Sisa life boss		: -311

================================================================

		Riwayat Battle

Battle ID		: 1604070
Nama boss		: The Boss of Knight Tree
Hasil battle		: Berhasil

		Hasil Detail Battle

Total life kamu		: 1450
Total power kamu	: 483
Sisa life kamu		: 1400
Total life boss		: 100
Total power boss	: 50
Sisa life boss		: -383

================================================================

		Riwayat Battle

Battle ID		: 1604071
Nama boss		: The Boss of Knight Tree
Hasil battle		: Berhasil

		Hasil Detail Battle

Total life kamu		: 1820
Total power kamu	: 595
Sisa life kamu		: 1770
Total life boss		: 100
Total power boss	: 50
Sisa life boss		: -495

================================================================

		Riwayat Battle

Battle ID		: 1604072
Nama boss		: The Boss of Knight Tree
Hasil battle		: Berhasil

		Hasil Detail Battle

Total life kamu		: 1934
Total power kamu	: 667
Sisa life kamu		: 1884
Total life boss		: 100
Total power boss	: 50
Sisa life boss		: -567

================================================================

		Riwayat Battle

Battle ID		: 1604073
Nama boss		: The Boss of Knight Tree
Hasil battle		: Berhasil

		Hasil Detail Battle

Total life kamu		: 2048
Total power kamu	: 739
Sisa life kamu		: 1998
Total life boss		: 100
Total power boss	: 50
Sisa life boss		: -639

================================================================

		Riwayat Battle

Battle ID		: 1604074
Nama boss		: The Boss of Knight Tree
Hasil battle		: Berhasil

		Hasil Detail Battle

Total life kamu		: 2546
Total power kamu	: 811
Sisa life kamu		: 2046
Total life boss		: 100
Total power boss	: 50
Sisa life boss		: -111

================================================================

		Riwayat Battle

Battle ID		: 1604075
Nama boss		: The Boss of Knight Tree
Hasil battle		: Berhasil

		Hasil Detail Battle

Total life kamu		: 2906
Total power kamu	: 1035
Sisa life kamu		: 2406
Total life boss		: 100
Total power boss	: 50
Sisa life boss		: -335

================================================================

